Execution-Time: 2025-08-19 03:41:24 UTC
Cluster: Local-Error-Logs
Log-Type: laravel
Source-File: error.log
Log-Entries: 8
----- Analysis -----
### Analysis of Log Events

1. **Probable Root Cause:**
   - Deprecation warnings for `mysql_native_password` suggest that the application is using an outdated authentication method for MySQL, which may lead to compatibility issues in future releases.

2. **Impacted Components:**
   - MySQL database (specifically the authentication plugin).
   - Application server (Apache with mod_wsgi).
   - Potentially the Laravel application if it relies on the deprecated MySQL authentication method.

3. **Severity:**
   - Medium: While the application is currently operational, the deprecation warning indicates a future risk of failure when the deprecated feature is removed.

4. **Immediate Fix Suggestions:**
   - Update the MySQL user accounts to use `caching_sha2_password` instead of `mysql_native_password`.
   - Review and update the database connection settings in the Laravel application to ensure compatibility with the new authentication method.

5. **Longer-term Remediation:**
   - Regularly review and update dependencies and configurations to align with the latest best practices and recommendations from MySQL and Laravel.
   - Implement monitoring for deprecation warnings and other critical logs to proactively address issues before they impact operations.
   - Consider upgrading the MySQL server to the latest version to benefit from improved features and security enhancements.
--------------------