Cluster: Local-Error-Logs
Log-Type: laravel
Source-File: execution.log
----- Analysis -----
### Analysis of Log Events

1. **Probable Root Cause:**
   - The logs indicate multiple errors related to the Laravel logging configuration and execution, suggesting potential misconfiguration or failure in the log ingestion process.

2. **Impacted Components:**
   - Laravel logging mechanism
   - Local log ingestion service
   - Database connection (MySQL)
   - Cluster management configuration

3. **Severity:**
   - High severity due to potential data loss in logs and inability to capture critical errors effectively.

4. **Immediate Fix Suggestions:**
   - Verify and correct the Laravel logging configuration in `config/clusters.yaml` to ensure proper paths and permissions.
   - Check the database connection settings for accuracy and ensure the database service is running.
   - Restart the logging service to reinitialize the ingestion process.

5. **Longer-term Remediation:**
   - Implement a monitoring solution to track the health of the logging services and database connections.
   - Regularly review and update logging configurations to align with best practices.
   - Consider implementing error handling and alerting mechanisms to proactively address logging issues before they escalate.
--------------------