Execution-Time: 2025-08-19 15:37:05 UTC
Cluster: Local-Error-Logs
Log-Type: laravel
Source-File: laravel.log
Log-Entries: 93
----- Analysis -----
```json
{
  "message": "The method 'generateOtp' in UserController does not exist, and the AuthOtp model cannot be found.",
  "summary": "The application is trying to call a non-existent method 'generateOtp' in the UserController, and it also fails to resolve the AuthOtp model due to a missing class.",
  "fix_suggestion": "Ensure that the 'generateOtp' method is defined in the UserController and verify that the AuthOtp model exists in the specified namespace.",
  "code_fix": "// In UserController.php\npublic function generateOtp() {\n    // Implementation of OTP generation logic\n}\n\n// Ensure AuthOtp model exists\nnamespace App\\Model;\n\nuse Illuminate\\Database\\Eloquent\\Model;\n\nclass AuthOtp extends Model {\n    // Model properties and methods\n}",
  "code_location": "Check the UserController located at /var/www/html/laravel_swagger/app/Api/V1/Controllers/UserController.php and the AuthOtp model at /var/www/html/laravel_swagger/app/Model/AuthOtp.php.",
  "resources": [
    "https://laravel.com/docs/8.x/controllers#resource-controllers",
    "https://laravel.com/docs/8.x/eloquent#defining-models",
    "https://laravel.com/docs/8.x/routing#route-parameters",
    "https://laravel.com/docs/8.x/eloquent#retrieving-models",
    "https://laravel.com/docs/8.x/validation#form-request-validation"
  ]
}
```
--------------------