Cluster: Local-Error-Logs
Log-Type: mysql
Source-File: execution.log
----- Analysis -----
### Analysis of Log Events

1. **Probable Root Cause:**
   - Multiple error logs indicate issues with the execution of log parsing for MySQL and Laravel logs.
   - The configuration for log types may not be correctly set up, leading to failures in parsing or capturing relevant log entries.

2. **Impacted Components:**
   - MySQL logging component (execution.log)
   - Laravel logging component (execution.log)
   - Apache logging component (execution.log)
   - Local-Error-Logs cluster configuration

3. **Severity:**
   - Medium to High: The inability to parse and log errors could lead to undetected issues in the application, affecting overall system reliability.

4. **Immediate Fix Suggestions:**
   - Verify the configuration files (e.g., config/clusters.yaml) for correct paths and log type settings.
   - Check permissions for the log files to ensure the application can read/write logs.
   - Restart the logging service to refresh configurations and clear any transient errors.

5. **Longer-Term Remediation:**
   - Implement monitoring and alerting for log parsing failures to catch issues early.
   - Regularly review and update log configurations to ensure they align with application changes.
   - Consider centralizing log management to a dedicated logging service (e.g., ELK stack) for better reliability and analysis capabilities.
--------------------