Cluster: Local-Error-Logs
Log-Type: mysql
Source-File: laravel.log
----- Analysis -----
### Root Cause Analysis
1. **Probable Root Cause**:
   - Incorrect command-line options being passed to a Symfony console command (e.g., `--source` option does not exist).
   - Missing method definitions in the `UserController` and `AuthOtpController`.
   - Non-existent class `App\Model\AuthOtp` causing binding resolution failure.
   - Incorrect number of arguments being passed to `generateOtp()` method.

2. **Impacted Components**:
   - Symfony Console Component.
   - Laravel Framework (specifically routing and controller handling).
   - `UserController` and `AuthOtpController`.
   - Model `AuthOtp`.

3. **Severity**:
   - High: The application is likely non-functional due to multiple critical errors, affecting user authentication and API functionality.

### Immediate Fix Suggestions
4. **Immediate Fix Suggestions**:
   - Verify and correct the command-line options being used in the Symfony console command.
   - Implement the missing `generateOtp` method in `UserController`.
   - Ensure the `AuthOtp` model exists and is correctly defined in the `App\Model` namespace.
   - Adjust the `generateOtp` method in `AuthOtpController` to accept the correct number of arguments.

### Longer-term Remediation
5. **Longer-term Remediation**:
   - Implement unit tests for controllers and models to catch missing methods and incorrect parameters early.
   - Review and document the command-line options for all console commands to prevent future errors.
   - Establish a code review process to ensure all new features and changes are validated against existing functionality.
   - Consider implementing a logging mechanism to capture and alert on such errors in real-time for quicker response.
--------------------